# WARNING: Config token app android.sdk is deprecated and ignored, but you set value 34
# Ensure build layout
# Check configuration tokens
# Preparing build
# Check requirements for android
# Search for Git (git)
#  -> found at /usr/local/bin/git
# Search for Cython (cython)
#  -> found at /home/codespace/.python/current/bin/cython
# Search for Java compiler (javac)
#  -> found at /usr/local/sdkman/candidates/java/current/bin/javac
# Search for Java keytool (keytool)
#  -> found at /usr/local/sdkman/candidates/java/current/bin/keytool
# Install platform
# Run 'git config --get remote.origin.url' ...
# Cwd /workspaces/NeuroQuantumAI/.buildozer/android/platform/python-for-android
https://github.com/kivy/python-for-android.git
# Run 'git branch -vv' ...
# Cwd /workspaces/NeuroQuantumAI/.buildozer/android/platform/python-for-android
* master 957a3e5f [origin/master] Merge pull request #2959 from kivy/release-2024.01.21
# Run '/usr/local/python/3.12.1/bin/python3 -m pip install -q --user appdirs colorama>=0.3.3 jinja2 sh>=1.10, <2.0; sys_platform!="win32" build toml packaging setuptools' ...
# Cwd None
# Apache ANT found at /home/codespace/.buildozer/android/platform/apache-ant-1.9.4
# Android SDK found at /home/codespace/.buildozer/android/platform/android-sdk
# Recommended android's NDK version by p4a is: 25b
# Android NDK found at /home/codespace/.buildozer/android/platform/android-ndk-r25b
# Run '/usr/local/python/3.12.1/bin/python3 -m pythonforandroid.toolchain aab -h --color=always --storage-dir=/workspaces/NeuroQuantumAI/.buildozer/android/platform/build-arm64-v8a --ndk-api=26 --ignore-setup-py --debug' ...
# Cwd /workspaces/NeuroQuantumAI/.buildozer/android/platform/python-for-android
# Check application requirements
# Compile platform
# Run '/usr/local/python/3.12.1/bin/python3 -m pythonforandroid.toolchain create --dist_name=neuroquantumai --bootstrap=sdl2 --requirements=python3==3.9.17,hostpython3==3.9.17,cython==0.29.36,kivy==2.2.1,requests,plyer,pillow,urllib3,certifi --arch=arm64-v8a --copy-libs --color=always --storage-dir=/workspaces/NeuroQuantumAI/.buildozer/android/platform/build-arm64-v8a --ndk-api=26 --ignore-setup-py --debug' ...
# Cwd /workspaces/NeuroQuantumAI/.buildozer/android/platform/python-for-android
[WARNING]: prerequisites.py is experimental and does not support all prerequisites yet.
[WARNING]: Please report any issues to the python-for-android issue tracker.
[WARNING]: prerequisites.py is experimental and does not support all prerequisites yet.
[WARNING]: Please report any issues to the python-for-android issue tracker.
[1m[INFO][0m:    Recipe python3: version "3.9.17" requested
[1m[INFO][0m:    Recipe hostpython3: version "3.9.17" requested
[1m[INFO][0m:    Recipe cython: version "0.29.36" requested
[1m[INFO][0m:    Recipe kivy: version "2.2.1" requested
[1m[INFO][0m:    Will compile for the following archs: arm64-v8a
[1m[90m[DEBUG][39m[0m:   Create directory /workspaces/NeuroQuantumAI/.buildozer/android/platform/build-arm64-v8a/dists
[1m[90m[DEBUG][39m[0m:   Create directory /workspaces/NeuroQuantumAI/.buildozer/android/platform/build-arm64-v8a/build/bootstrap_builds
[1m[90m[DEBUG][39m[0m:   Create directory /workspaces/NeuroQuantumAI/.buildozer/android/platform/build-arm64-v8a/build/other_builds
[1m[INFO][0m:    Found Android API target in $ANDROIDAPI: 34
[1m[INFO][0m:    Available Android APIs are (33, 34)
[1m[INFO][0m:    Requested API target 34 is available, continuing.
[1m[INFO][0m:    Found NDK dir in $ANDROIDNDK: /home/codespace/.buildozer/android/platform/android-ndk-r25b
[1m[INFO][0m:    Found NDK version 25b
[1m[INFO][0m:    Getting NDK API version (i.e. minimum supported API) from user argument
[1m[INFO][0m:    ccache is missing, the build will not be optimized in the future.
[1m[90m[DEBUG][39m[0m:   All possible dists: []
[1m[90m[DEBUG][39m[0m:   Dist matching name and arch: []
[1m[90m[DEBUG][39m[0m:   Dist matching ndk_api and recipe: []
[1m[INFO][0m:    No existing dists meet the given requirements!
[1m[INFO][0m:    [1m[94mNo dist exists that meets your requirements, so one will be built.[0m
[1m[INFO][0m:    Found a single valid recipe set: ['certifi', 'freetype', 'hostpython3', 'jpeg', 'libffi', 'openssl', 'plyer', 'png', 'requests', 'sdl2_image', 'sdl2_mixer', 'sdl2_ttf', 'sqlite3', 'urllib3', 'python3', 'sdl2', 'setuptools', 'cython', 'pillow', 'six', 'pyjnius', 'android', 'kivy']
[1m[INFO][0m:    The selected bootstrap is sdl2
[1m[INFO][0m:    [1m[32m# Creating dist with sdl2 bootstrap[0m[39m
[1m[INFO][0m:    [1m[94mDist will have name neuroquantumai and requirements (python3, hostpython3, cython, kivy, requests, plyer, pillow, urllib3, certifi)[0m
[1m[INFO][0m:    Dist contains the following requirements as recipes: ['freetype', 'hostpython3', 'jpeg', 'libffi', 'openssl', 'png', 'sdl2_image', 'sdl2_mixer', 'sdl2_ttf', 'sqlite3', 'python3', 'sdl2', 'setuptools', 'cython', 'pillow', 'six', 'pyjnius', 'android', 'kivy']
[1m[INFO][0m:    Dist will also contain modules (certifi, plyer, urllib3, requests, idna, chardet) installed from pip
[1m[INFO][0m:    Dist will be build in mode debug
[1m[INFO][0m:    [36m-> directory context /workspaces/NeuroQuantumAI/.buildozer/android/platform/build-arm64-v8a/build/bootstrap_builds/sdl2[39m
[1m[INFO][0m:    [36m<- directory context /workspaces/NeuroQuantumAI/.buildozer/android/platform/python-for-android[39m
[1m[90m[DEBUG][39m[0m:   Create directory /workspaces/NeuroQuantumAI/.buildozer/android/platform/build-arm64-v8a/dists/neuroquantumai
[1m[INFO][0m:    [1m[94mRecipe build order is ['freetype', 'hostpython3', 'jpeg', 'libffi', 'openssl', 'png', 'sdl2_image', 'sdl2_mixer', 'sdl2_ttf', 'sqlite3', 'python3', 'sdl2', 'setuptools', 'cython', 'pillow', 'six', 'pyjnius', 'android', 'kivy'][0m
[1m[INFO][0m:    [1m[94mThe requirements (certifi, chardet, idna, plyer, requests, urllib3) were not found as recipes, they will be installed with pip.[0m
[1m[INFO][0m:    [1m[32m# Downloading recipes [0m[39m
[1m[INFO][0m:    [1m[32mDownloading freetype[0m[39m
[1m[INFO][0m:    [36m-> directory context /workspaces/NeuroQuantumAI/.buildozer/android/platform/build-arm64-v8a/packages/freetype[39m
[1m[90m[DEBUG][39m[0m:   [90m->[0m running basename https://download.savannah.gnu.org/releases/freetype/freetype-2.10.1.tar.gz[0m
[1m[90m[DEBUG][39m[0m:   	freetype-2.10.1.tar.gz
[1m[INFO][0m:    freetype download already cached, skipping
[1m[INFO][0m:    [36m<- directory context /workspaces/NeuroQuantumAI/.buildozer/android/platform/python-for-android[39m
[1m[INFO][0m:    [1m[32mDownloading hostpython3[0m[39m
[1m[INFO][0m:    [36m-> directory context /workspaces/NeuroQuantumAI/.buildozer/android/platform/build-arm64-v8a/packages/hostpython3[39m
[1m[90m[DEBUG][39m[0m:   [90m->[0m running basename https://www.python.org/ftp/python/3.9.17/Python-3.9.17.tgz[0m
[1m[90m[DEBUG][39m[0m:   	Python-3.9.17.tgz
[1m[INFO][0m:    hostpython3 download already cached, skipping
[1m[INFO][0m:    [36m<- directory context /workspaces/NeuroQuantumAI/.buildozer/android/platform/python-for-android[39m
[1m[INFO][0m:    [1m[32mDownloading jpeg[0m[39m
[1m[INFO][0m:    [36m-> directory context /workspaces/NeuroQuantumAI/.buildozer/android/platform/build-arm64-v8a/packages/jpeg[39m
[1m[90m[DEBUG][39m[0m:   [90m->[0m running basename https://github.com/libjpeg-turbo/libjpeg-turbo/archive/2.0.1.tar.gz[0m
[1m[90m[DEBUG][39m[0m:   	2.0.1.tar.gz
[1m[INFO][0m:    jpeg download already cached, skipping
[1m[INFO][0m:    [36m<- directory context /workspaces/NeuroQuantumAI/.buildozer/android/platform/python-for-android[39m
[1m[INFO][0m:    [1m[32mDownloading libffi[0m[39m
[1m[INFO][0m:    [36m-> directory context /workspaces/NeuroQuantumAI/.buildozer/android/platform/build-arm64-v8a/packages/libffi[39m
[1m[90m[DEBUG][39m[0m:   [90m->[0m running basename https://github.com/libffi/libffi/releases/download/v3.4.4/libffi-3.4.4.tar.gz[0m
[1m[90m[DEBUG][39m[0m:   	libffi-3.4.4.tar.gz
[1m[INFO][0m:    libffi download already cached, skipping
[1m[INFO][0m:    [36m<- directory context /workspaces/NeuroQuantumAI/.buildozer/android/platform/python-for-android[39m
[1m[INFO][0m:    [1m[32mDownloading openssl[0m[39m
[1m[INFO][0m:    [36m-> directory context /workspaces/NeuroQuantumAI/.buildozer/android/platform/build-arm64-v8a/packages/openssl[39m
[1m[90m[DEBUG][39m[0m:   [90m->[0m running basename https://www.openssl.org/source/openssl-1.1.1w.tar.gz[0m
[1m[90m[DEBUG][39m[0m:   	openssl-1.1.1w.tar.gz
[1m[INFO][0m:    openssl download already cached, skipping
[1m[INFO][0m:    [36m<- directory context /workspaces/NeuroQuantumAI/.buildozer/android/platform/python-for-android[39m
[1m[INFO][0m:    [1m[32mDownloading png[0m[39m
[1m[INFO][0m:    [36m-> directory context /workspaces/NeuroQuantumAI/.buildozer/android/platform/build-arm64-v8a/packages/png[39m
[1m[90m[DEBUG][39m[0m:   [90m->[0m running basename https://github.com/glennrp/libpng/archive/v1.6.37.zip[0m
[1m[90m[DEBUG][39m[0m:   	v1.6.37.zip
[1m[INFO][0m:    png download already cached, skipping
[1m[INFO][0m:    [36m<- directory context /workspaces/NeuroQuantumAI/.buildozer/android/platform/python-for-android[39m
[1m[INFO][0m:    [1m[32mDownloading sdl2_image[0m[39m
[1m[INFO][0m:    [36m-> directory context /workspaces/NeuroQuantumAI/.buildozer/android/platform/build-arm64-v8a/packages/sdl2_image[39m
[1m[90m[DEBUG][39m[0m:   [90m->[0m running basename https://github.com/libsdl-org/SDL_image/releases/download/release-2.8.0/SDL2_image-2.8.0.tar.gz[0m
[1m[90m[DEBUG][39m[0m:   	SDL2_image-2.8.0.tar.gz
[1m[INFO][0m:    sdl2_image download already cached, skipping
[1m[INFO][0m:    [36m<- directory context /workspaces/NeuroQuantumAI/.buildozer/android/platform/python-for-android[39m
[1m[INFO][0m:    [1m[32mDownloading sdl2_mixer[0m[39m
[1m[INFO][0m:    [36m-> directory context /workspaces/NeuroQuantumAI/.buildozer/android/platform/build-arm64-v8a/packages/sdl2_mixer[39m
[1m[90m[DEBUG][39m[0m:   [90m->[0m running basename https://github.com/libsdl-org/SDL_mixer/releases/download/release-2.6.3/SDL2_mixer-2.6.3.tar.gz[0m
[1m[90m[DEBUG][39m[0m:   	SDL2_mixer-2.6.3.tar.gz
[1m[INFO][0m:    sdl2_mixer download already cached, skipping
[1m[INFO][0m:    [36m<- directory context /workspaces/NeuroQuantumAI/.buildozer/android/platform/python-for-android[39m
[1m[INFO][0m:    [1m[32mDownloading sdl2_ttf[0m[39m
[1m[INFO][0m:    [36m-> directory context /workspaces/NeuroQuantumAI/.buildozer/android/platform/build-arm64-v8a/packages/sdl2_ttf[39m
[1m[90m[DEBUG][39m[0m:   [90m->[0m running basename https://github.com/libsdl-org/SDL_ttf/releases/download/release-2.20.2/SDL2_ttf-2.20.2.tar.gz[0m
[1m[90m[DEBUG][39m[0m:   	SDL2_ttf-2.20.2.tar.gz
[1m[INFO][0m:    sdl2_ttf download already cached, skipping
[1m[INFO][0m:    [36m<- directory context /workspaces/NeuroQuantumAI/.buildozer/android/platform/python-for-android[39m
[1m[INFO][0m:    [1m[32mDownloading sqlite3[0m[39m
[1m[INFO][0m:    [36m-> directory context /workspaces/NeuroQuantumAI/.buildozer/android/platform/build-arm64-v8a/packages/sqlite3[39m
[1m[90m[DEBUG][39m[0m:   [90m->[0m running basename https://www.sqlite.org/2021/sqlite-amalgamation-3350500.zip[0m
[1m[90m[DEBUG][39m[0m:   	sqlite-amalgamation-3350500.zip
[1m[INFO][0m:    sqlite3 download already cached, skipping
[1m[INFO][0m:    [36m<- directory context /workspaces/NeuroQuantumAI/.buildozer/android/platform/python-for-android[39m
[1m[INFO][0m:    [1m[32mDownloading python3[0m[39m
[1m[INFO][0m:    [36m-> directory context /workspaces/NeuroQuantumAI/.buildozer/android/platform/build-arm64-v8a/packages/python3[39m
[1m[90m[DEBUG][39m[0m:   [90m->[0m running basename https://www.python.org/ftp/python/3.9.17/Python-3.9.17.tgz[0m
[1m[90m[DEBUG][39m[0m:   	Python-3.9.17.tgz
[1m[INFO][0m:    python3 download already cached, skipping
[1m[INFO][0m:    [36m<- directory context /workspaces/NeuroQuantumAI/.buildozer/android/platform/python-for-android[39m
[1m[INFO][0m:    [1m[32mDownloading sdl2[0m[39m
[1m[INFO][0m:    [36m-> directory context /workspaces/NeuroQuantumAI/.buildozer/android/platform/build-arm64-v8a/packages/sdl2[39m
[1m[90m[DEBUG][39m[0m:   [90m->[0m running basename https://github.com/libsdl-org/SDL/releases/download/release-2.28.5/SDL2-2.28.5.tar.gz[0m
[1m[90m[DEBUG][39m[0m:   	SDL2-2.28.5.tar.gz
[1m[INFO][0m:    sdl2 download already cached, skipping
[1m[INFO][0m:    [36m<- directory context /workspaces/NeuroQuantumAI/.buildozer/android/platform/python-for-android[39m
[1m[INFO][0m:    [1m[32mDownloading setuptools[0m[39m
[1m[INFO][0m:    [36m-> directory context /workspaces/NeuroQuantumAI/.buildozer/android/platform/build-arm64-v8a/packages/setuptools[39m
[1m[90m[DEBUG][39m[0m:   [90m->[0m running basename https://pypi.python.org/packages/source/s/setuptools/setuptools-51.3.3.tar.gz[0m
[1m[90m[DEBUG][39m[0m:   	setuptools-51.3.3.tar.gz
[1m[INFO][0m:    setuptools download already cached, skipping
[1m[INFO][0m:    [36m<- directory context /workspaces/NeuroQuantumAI/.buildozer/android/platform/python-for-android[39m
[1m[INFO][0m:    [1m[32mDownloading cython[0m[39m
[1m[INFO][0m:    [36m-> directory context /workspaces/NeuroQuantumAI/.buildozer/android/platform/build-arm64-v8a/packages/cython[39m
[1m[90m[DEBUG][39m[0m:   [90m->[0m running basename https://github.com/cython/cython/archive/0.29.36.tar.gz[0m
[1m[90m[DEBUG][39m[0m:   	0.29.36.tar.gz
[1m[INFO][0m:    cython download already cached, skipping
[1m[INFO][0m:    [36m<- directory context /workspaces/NeuroQuantumAI/.buildozer/android/platform/python-for-android[39m
[1m[INFO][0m:    [1m[32mDownloading Pillow[0m[39m
[1m[INFO][0m:    [36m-> directory context /workspaces/NeuroQuantumAI/.buildozer/android/platform/build-arm64-v8a/packages/Pillow[39m
[1m[90m[DEBUG][39m[0m:   [90m->[0m running basename https://github.com/python-pillow/Pillow/archive/8.4.0.tar.gz[0m
[1m[90m[DEBUG][39m[0m:   	8.4.0.tar.gz
[1m[INFO][0m:    Pillow download already cached, skipping
[1m[INFO][0m:    [36m<- directory context /workspaces/NeuroQuantumAI/.buildozer/android/platform/python-for-android[39m
[1m[INFO][0m:    [1m[32mDownloading six[0m[39m
[1m[INFO][0m:    [36m-> directory context /workspaces/NeuroQuantumAI/.buildozer/android/platform/build-arm64-v8a/packages/six[39m
[1m[90m[DEBUG][39m[0m:   [90m->[0m running basename https://pypi.python.org/packages/source/s/six/six-1.15.0.tar.gz[0m
[1m[90m[DEBUG][39m[0m:   	six-1.15.0.tar.gz
[1m[INFO][0m:    six download already cached, skipping
[1m[INFO][0m:    [36m<- directory context /workspaces/NeuroQuantumAI/.buildozer/android/platform/python-for-android[39m
[1m[INFO][0m:    [1m[32mDownloading pyjnius[0m[39m
[1m[INFO][0m:    [36m-> directory context /workspaces/NeuroQuantumAI/.buildozer/android/platform/build-arm64-v8a/packages/pyjnius[39m
[1m[90m[DEBUG][39m[0m:   [90m->[0m running basename https://github.com/kivy/pyjnius/archive/1.6.1.zip[0m
[1m[90m[DEBUG][39m[0m:   	1.6.1.zip
[1m[INFO][0m:    pyjnius download already cached, skipping
[1m[INFO][0m:    [36m<- directory context /workspaces/NeuroQuantumAI/.buildozer/android/platform/python-for-android[39m
[1m[INFO][0m:    [1m[32mDownloading android[0m[39m
[1m[INFO][0m:    Skipping android download as no URL is set
[1m[INFO][0m:    [1m[32mDownloading kivy[0m[39m
[1m[INFO][0m:    [36m-> directory context /workspaces/NeuroQuantumAI/.buildozer/android/platform/build-arm64-v8a/packages/kivy[39m
[1m[90m[DEBUG][39m[0m:   [90m->[0m running basename https://github.com/kivy/kivy/archive/2.2.1.zip[0m
[1m[90m[DEBUG][39m[0m:   	2.2.1.zip
[1m[INFO][0m:    kivy download already cached, skipping
[1m[INFO][0m:    [36m<- directory context /workspaces/NeuroQuantumAI/.buildozer/android/platform/python-for-android[39m
[1m[INFO][0m:    [1m[32m# Building all recipes for arch arm64-v8a[0m[39m
[1m[INFO][0m:    [1m[32m# Unpacking recipes[0m[39m
[1m[90m[DEBUG][39m[0m:   Create directory /workspaces/NeuroQuantumAI/.buildozer/android/platform/build-arm64-v8a/build/other_builds/freetype/arm64-v8a__ndk_target_26
[1m[INFO][0m:    [1m[32mUnpacking freetype for arm64-v8a[0m[39m
[1m[90m[DEBUG][39m[0m:   [90m->[0m running basename https://download.savannah.gnu.org/releases/freetype/freetype-2.10.1.tar.gz[0m
[1m[90m[DEBUG][39m[0m:   	freetype-2.10.1.tar.gz
[1m[INFO][0m:    [36m-> directory context /workspaces/NeuroQuantumAI/.buildozer/android/platform/build-arm64-v8a/build/other_builds/freetype/arm64-v8a__ndk_target_26[39m
[1m[90m[DEBUG][39m[0m:   Moving freetype-2.10.1 to /workspaces/NeuroQuantumAI/.buildozer/android/platform/build-arm64-v8a/build/other_builds/freetype/arm64-v8a__ndk_target_26/freetype
[1m[INFO][0m:    [36m<- directory context /workspaces/NeuroQuantumAI/.buildozer/android/platform/python-for-android[39m
[1m[90m[DEBUG][39m[0m:   Create directory /workspaces/NeuroQuantumAI/.buildozer/android/platform/build-arm64-v8a/build/other_builds/hostpython3/desktop
[1m[INFO][0m:    [1m[32mUnpacking hostpython3 for arm64-v8a[0m[39m
[1m[90m[DEBUG][39m[0m:   [90m->[0m running basename https://www.python.org/ftp/python/3.9.17/Python-3.9.17.tgz[0m
[1m[90m[DEBUG][39m[0m:   	Python-3.9.17.tgz
[1m[INFO][0m:    [36m-> directory context /workspaces/NeuroQuantumAI/.buildozer/android/platform/build-arm64-v8a/build/other_builds/hostpython3/desktop[39m
[1m[90m[DEBUG][39m[0m:   Moving Python-3.9.17 to /workspaces/NeuroQuantumAI/.buildozer/android/platform/build-arm64-v8a/build/other_builds/hostpython3/desktop/hostpython3
[1m[INFO][0m:    [36m<- directory context /workspaces/NeuroQuantumAI/.buildozer/android/platform/python-for-android[39m
[1m[90m[DEBUG][39m[0m:   Create directory /workspaces/NeuroQuantumAI/.buildozer/android/platform/build-arm64-v8a/build/other_builds/jpeg/arm64-v8a__ndk_target_26
[1m[INFO][0m:    [1m[32mUnpacking jpeg for arm64-v8a[0m[39m
[1m[90m[DEBUG][39m[0m:   [90m->[0m running basename https://github.com/libjpeg-turbo/libjpeg-turbo/archive/2.0.1.tar.gz[0m
[1m[90m[DEBUG][39m[0m:   	2.0.1.tar.gz
[1m[INFO][0m:    [36m-> directory context /workspaces/NeuroQuantumAI/.buildozer/android/platform/build-arm64-v8a/build/other_builds/jpeg/arm64-v8a__ndk_target_26[39m
[1m[90m[DEBUG][39m[0m:   Moving libjpeg-turbo-2.0.1 to /workspaces/NeuroQuantumAI/.buildozer/android/platform/build-arm64-v8a/build/other_builds/jpeg/arm64-v8a__ndk_target_26/jpeg
[1m[INFO][0m:    [36m<- directory context /workspaces/NeuroQuantumAI/.buildozer/android/platform/python-for-android[39m
[1m[90m[DEBUG][39m[0m:   Create directory /workspaces/NeuroQuantumAI/.buildozer/android/platform/build-arm64-v8a/build/other_builds/libffi/arm64-v8a__ndk_target_26
[1m[INFO][0m:    [1m[32mUnpacking libffi for arm64-v8a[0m[39m
[1m[90m[DEBUG][39m[0m:   [90m->[0m running basename https://github.com/libffi/libffi/releases/download/v3.4.4/libffi-3.4.4.tar.gz[0m
[1m[90m[DEBUG][39m[0m:   	libffi-3.4.4.tar.gz
[1m[INFO][0m:    [36m-> directory context /workspaces/NeuroQuantumAI/.buildozer/android/platform/build-arm64-v8a/build/other_builds/libffi/arm64-v8a__ndk_target_26[39m
[1m[90m[DEBUG][39m[0m:   Moving libffi-3.4.4 to /workspaces/NeuroQuantumAI/.buildozer/android/platform/build-arm64-v8a/build/other_builds/libffi/arm64-v8a__ndk_target_26/libffi
[1m[INFO][0m:    [36m<- directory context /workspaces/NeuroQuantumAI/.buildozer/android/platform/python-for-android[39m
[1m[90m[DEBUG][39m[0m:   Create directory /workspaces/NeuroQuantumAI/.buildozer/android/platform/build-arm64-v8a/build/other_builds/openssl/arm64-v8a__ndk_target_26
[1m[INFO][0m:    [1m[32mUnpacking openssl for arm64-v8a[0m[39m
[1m[90m[DEBUG][39m[0m:   [90m->[0m running basename https://www.openssl.org/source/openssl-1.1.1w.tar.gz[0m
[1m[90m[DEBUG][39m[0m:   	openssl-1.1.1w.tar.gz
[1m[INFO][0m:    [36m-> directory context /workspaces/NeuroQuantumAI/.buildozer/android/platform/build-arm64-v8a/build/other_builds/openssl/arm64-v8a__ndk_target_26[39m
[1m[90m[DEBUG][39m[0m:   Moving openssl-1.1.1w to /workspaces/NeuroQuantumAI/.buildozer/android/platform/build-arm64-v8a/build/other_builds/openssl/arm64-v8a__ndk_target_26/openssl1.1
[1m[INFO][0m:    [36m<- directory context /workspaces/NeuroQuantumAI/.buildozer/android/platform/python-for-android[39m
[1m[90m[DEBUG][39m[0m:   Create directory /workspaces/NeuroQuantumAI/.buildozer/android/platform/build-arm64-v8a/build/other_builds/png/arm64-v8a__ndk_target_26
[1m[INFO][0m:    [1m[32mUnpacking png for arm64-v8a[0m[39m
[1m[90m[DEBUG][39m[0m:   [90m->[0m running basename https://github.com/glennrp/libpng/archive/v1.6.37.zip[0m
[1m[90m[DEBUG][39m[0m:   	v1.6.37.zip
[1m[INFO][0m:    [36m-> directory context /workspaces/NeuroQuantumAI/.buildozer/android/platform/build-arm64-v8a/build/other_builds/png/arm64-v8a__ndk_target_26[39m
[1m[90m[DEBUG][39m[0m:   Moving libpng-1.6.37 to /workspaces/NeuroQuantumAI/.buildozer/android/platform/build-arm64-v8a/build/other_builds/png/arm64-v8a__ndk_target_26/png
[1m[INFO][0m:    [36m<- directory context /workspaces/NeuroQuantumAI/.buildozer/android/platform/python-for-android[39m
[1m[INFO][0m:    [1m[32mUnpacking sdl2_image for arm64-v8a[0m[39m
[1m[90m[DEBUG][39m[0m:   [90m->[0m running basename https://github.com/libsdl-org/SDL_image/releases/download/release-2.8.0/SDL2_image-2.8.0.tar.gz[0m
[1m[90m[DEBUG][39m[0m:   	SDL2_image-2.8.0.tar.gz
[1m[INFO][0m:    [36m-> directory context /workspaces/NeuroQuantumAI/.buildozer/android/platform/build-arm64-v8a/build/bootstrap_builds/sdl2/jni[39m
[1m[90m[DEBUG][39m[0m:   Moving SDL2_image-2.8.0 to /workspaces/NeuroQuantumAI/.buildozer/android/platform/build-arm64-v8a/build/bootstrap_builds/sdl2/jni/SDL2_image
[1m[INFO][0m:    [36m<- directory context /workspaces/NeuroQuantumAI/.buildozer/android/platform/python-for-android[39m
[1m[INFO][0m:    [1m[32mUnpacking sdl2_mixer for arm64-v8a[0m[39m
[1m[90m[DEBUG][39m[0m:   [90m->[0m running basename https://github.com/libsdl-org/SDL_mixer/releases/download/release-2.6.3/SDL2_mixer-2.6.3.tar.gz[0m
[1m[90m[DEBUG][39m[0m:   	SDL2_mixer-2.6.3.tar.gz
[1m[INFO][0m:    [36m-> directory context /workspaces/NeuroQuantumAI/.buildozer/android/platform/build-arm64-v8a/build/bootstrap_builds/sdl2/jni[39m
[1m[90m[DEBUG][39m[0m:   Moving SDL2_mixer-2.6.3 to /workspaces/NeuroQuantumAI/.buildozer/android/platform/build-arm64-v8a/build/bootstrap_builds/sdl2/jni/SDL2_mixer
[1m[INFO][0m:    [36m<- directory context /workspaces/NeuroQuantumAI/.buildozer/android/platform/python-for-android[39m
[1m[INFO][0m:    [1m[32mUnpacking sdl2_ttf for arm64-v8a[0m[39m
[1m[90m[DEBUG][39m[0m:   [90m->[0m running basename https://github.com/libsdl-org/SDL_ttf/releases/download/release-2.20.2/SDL2_ttf-2.20.2.tar.gz[0m
[1m[90m[DEBUG][39m[0m:   	SDL2_ttf-2.20.2.tar.gz
[1m[INFO][0m:    [36m-> directory context /workspaces/NeuroQuantumAI/.buildozer/android/platform/build-arm64-v8a/build/bootstrap_builds/sdl2/jni[39m
[1m[90m[DEBUG][39m[0m:   Moving SDL2_ttf-2.20.2 to /workspaces/NeuroQuantumAI/.buildozer/android/platform/build-arm64-v8a/build/bootstrap_builds/sdl2/jni/SDL2_ttf
[1m[INFO][0m:    [36m<- directory context /workspaces/NeuroQuantumAI/.buildozer/android/platform/python-for-android[39m
[1m[90m[DEBUG][39m[0m:   Create directory /workspaces/NeuroQuantumAI/.buildozer/android/platform/build-arm64-v8a/build/other_builds/sqlite3/arm64-v8a__ndk_target_26
[1m[INFO][0m:    [1m[32mUnpacking sqlite3 for arm64-v8a[0m[39m
[1m[90m[DEBUG][39m[0m:   [90m->[0m running basename https://www.sqlite.org/2021/sqlite-amalgamation-3350500.zip[0m
[1m[90m[DEBUG][39m[0m:   	sqlite-amalgamation-3350500.zip
[1m[INFO][0m:    [36m-> directory context /workspaces/NeuroQuantumAI/.buildozer/android/platform/build-arm64-v8a/build/other_builds/sqlite3/arm64-v8a__ndk_target_26[39m
[1m[90m[DEBUG][39m[0m:   Moving sqlite-amalgamation-3350500 to /workspaces/NeuroQuantumAI/.buildozer/android/platform/build-arm64-v8a/build/other_builds/sqlite3/arm64-v8a__ndk_target_26/sqlite3
[1m[INFO][0m:    [36m<- directory context /workspaces/NeuroQuantumAI/.buildozer/android/platform/python-for-android[39m
[1m[90m[DEBUG][39m[0m:   Create directory /workspaces/NeuroQuantumAI/.buildozer/android/platform/build-arm64-v8a/build/other_builds/python3/arm64-v8a__ndk_target_26
[1m[INFO][0m:    [1m[32mUnpacking python3 for arm64-v8a[0m[39m
[1m[90m[DEBUG][39m[0m:   [90m->[0m running basename https://www.python.org/ftp/python/3.9.17/Python-3.9.17.tgz[0m
[1m[90m[DEBUG][39m[0m:   	Python-3.9.17.tgz
[1m[INFO][0m:    [36m-> directory context /workspaces/NeuroQuantumAI/.buildozer/android/platform/build-arm64-v8a/build/other_builds/python3/arm64-v8a__ndk_target_26[39m
[1m[90m[DEBUG][39m[0m:   Moving Python-3.9.17 to /workspaces/NeuroQuantumAI/.buildozer/android/platform/build-arm64-v8a/build/other_builds/python3/arm64-v8a__ndk_target_26/python3
[1m[INFO][0m:    [36m<- directory context /workspaces/NeuroQuantumAI/.buildozer/android/platform/python-for-android[39m
[1m[INFO][0m:    [1m[32mUnpacking sdl2 for arm64-v8a[0m[39m
[1m[90m[DEBUG][39m[0m:   [90m->[0m running basename https://github.com/libsdl-org/SDL/releases/download/release-2.28.5/SDL2-2.28.5.tar.gz[0m
[1m[90m[DEBUG][39m[0m:   	SDL2-2.28.5.tar.gz
[1m[INFO][0m:    [36m-> directory context /workspaces/NeuroQuantumAI/.buildozer/android/platform/build-arm64-v8a/build/bootstrap_builds/sdl2/jni[39m
[1m[90m[DEBUG][39m[0m:   Moving SDL2-2.28.5 to /workspaces/NeuroQuantumAI/.buildozer/android/platform/build-arm64-v8a/build/bootstrap_builds/sdl2/jni/SDL
[1m[INFO][0m:    [36m<- directory context /workspaces/NeuroQuantumAI/.buildozer/android/platform/python-for-android[39m
[1m[90m[DEBUG][39m[0m:   Create directory /workspaces/NeuroQuantumAI/.buildozer/android/platform/build-arm64-v8a/build/other_builds/setuptools/arm64-v8a__ndk_target_26
[1m[INFO][0m:    [1m[32mUnpacking setuptools for arm64-v8a[0m[39m
[1m[90m[DEBUG][39m[0m:   [90m->[0m running basename https://pypi.python.org/packages/source/s/setuptools/setuptools-51.3.3.tar.gz[0m
[1m[90m[DEBUG][39m[0m:   	setuptools-51.3.3.tar.gz
[1m[INFO][0m:    [36m-> directory context /workspaces/NeuroQuantumAI/.buildozer/android/platform/build-arm64-v8a/build/other_builds/setuptools/arm64-v8a__ndk_target_26[39m
[1m[90m[DEBUG][39m[0m:   Moving setuptools-51.3.3 to /workspaces/NeuroQuantumAI/.buildozer/android/platform/build-arm64-v8a/build/other_builds/setuptools/arm64-v8a__ndk_target_26/setuptools
[1m[INFO][0m:    [36m<- directory context /workspaces/NeuroQuantumAI/.buildozer/android/platform/python-for-android[39m
[1m[90m[DEBUG][39m[0m:   Create directory /workspaces/NeuroQuantumAI/.buildozer/android/platform/build-arm64-v8a/build/other_builds/cython/arm64-v8a__ndk_target_26
[1m[INFO][0m:    [1m[32mUnpacking cython for arm64-v8a[0m[39m
[1m[90m[DEBUG][39m[0m:   [90m->[0m running basename https://github.com/cython/cython/archive/0.29.36.tar.gz[0m
[1m[90m[DEBUG][39m[0m:   	0.29.36.tar.gz
[1m[INFO][0m:    [36m-> directory context /workspaces/NeuroQuantumAI/.buildozer/android/platform/build-arm64-v8a/build/other_builds/cython/arm64-v8a__ndk_target_26[39m
[1m[90m[DEBUG][39m[0m:   Moving cython-0.29.36 to /workspaces/NeuroQuantumAI/.buildozer/android/platform/build-arm64-v8a/build/other_builds/cython/arm64-v8a__ndk_target_26/cython
[1m[INFO][0m:    [36m<- directory context /workspaces/NeuroQuantumAI/.buildozer/android/platform/python-for-android[39m
[1m[90m[DEBUG][39m[0m:   Create directory /workspaces/NeuroQuantumAI/.buildozer/android/platform/build-arm64-v8a/build/other_builds/Pillow/arm64-v8a__ndk_target_26
[1m[INFO][0m:    [1m[32mUnpacking Pillow for arm64-v8a[0m[39m
[1m[90m[DEBUG][39m[0m:   [90m->[0m running basename https://github.com/python-pillow/Pillow/archive/8.4.0.tar.gz[0m
[1m[90m[DEBUG][39m[0m:   	8.4.0.tar.gz
[1m[INFO][0m:    [36m-> directory context /workspaces/NeuroQuantumAI/.buildozer/android/platform/build-arm64-v8a/build/other_builds/Pillow/arm64-v8a__ndk_target_26[39m
