# WARNING: Config token app android.sdk is deprecated and ignored, but you set value 34
# Ensure build layout
# Check configuration tokens
# Preparing build
# Check requirements for android
# Search for Git (git)
#  -> found at /usr/local/bin/git
# Search for Cython (cython)
#  -> found at /home/codespace/.python/current/bin/cython
# Search for Java compiler (javac)
#  -> found at /usr/local/sdkman/candidates/java/current/bin/javac
# Search for Java keytool (keytool)
#  -> found at /usr/local/sdkman/candidates/java/current/bin/keytool
# Install platform
# Run 'git config --get remote.origin.url' ...
# Cwd /workspaces/NeuroQuantumAI/.buildozer/android/platform/python-for-android
https://github.com/kivy/python-for-android.git
# Run 'git branch -vv' ...
# Cwd /workspaces/NeuroQuantumAI/.buildozer/android/platform/python-for-android
* master 957a3e5f [origin/master] Merge pull request #2959 from kivy/release-2024.01.21
# Run '/usr/local/python/3.12.1/bin/python3 -m pip install -q --user appdirs colorama>=0.3.3 jinja2 sh>=1.10, <2.0; sys_platform!="win32" build toml packaging setuptools' ...
# Cwd None
# Apache ANT found at /home/codespace/.buildozer/android/platform/apache-ant-1.9.4
# Android SDK found at /home/codespace/.buildozer/android/platform/android-sdk
# Recommended android's NDK version by p4a is: 25b
# Android NDK found at /home/codespace/.buildozer/android/platform/android-ndk-r25b
# Run '/usr/local/python/3.12.1/bin/python3 -m pythonforandroid.toolchain aab -h --color=always --storage-dir=/workspaces/NeuroQuantumAI/.buildozer/android/platform/build-arm64-v8a --ndk-api=26 --ignore-setup-py --debug' ...
# Cwd /workspaces/NeuroQuantumAI/.buildozer/android/platform/python-for-android
# Check application requirements
# Compile platform
# Run '/usr/local/python/3.12.1/bin/python3 -m pythonforandroid.toolchain create --dist_name=neuroquantumai --bootstrap=sdl2 --requirements=python3==3.9.17,hostpython3==3.9.17,cython==0.29.36,kivy==2.2.1,requests,plyer,pillow,urllib3,certifi --arch=arm64-v8a --copy-libs --color=always --storage-dir=/workspaces/NeuroQuantumAI/.buildozer/android/platform/build-arm64-v8a --ndk-api=26 --ignore-setup-py --debug' ...
# Cwd /workspaces/NeuroQuantumAI/.buildozer/android/platform/python-for-android
